2025-01-29 23:12:43,411 - INFO - Script started: Loading dataset...
2025-01-29 23:12:45,894 - INFO - Dataset loaded successfully.
2025-01-29 23:12:45,895 - INFO - Generating Sales by Category graph...
2025-01-29 23:12:46,149 - INFO - Sales by Category graph saved successfully.
2025-01-29 23:12:46,150 - INFO - Generating Profit by Category graph...
2025-01-29 23:12:46,392 - INFO - Profit by Category graph saved successfully.
2025-01-29 23:12:46,392 - INFO - Generating Sales by Region graph...
2025-01-29 23:12:46,639 - INFO - Sales by Region graph saved successfully.
2025-01-29 23:12:46,640 - INFO - Generating Orders by Ship Mode Pie Chart...
2025-01-29 23:12:46,775 - INFO - Orders by Ship Mode Pie Chart saved successfully.
2025-01-29 23:12:46,775 - INFO - Generating Sales vs Profit Scatter Plot...
2025-01-29 23:12:47,264 - INFO - Sales vs Profit Scatter Plot saved successfully.
2025-01-29 23:12:47,264 - INFO - Generating Discount Distribution Histogram...
2025-01-29 23:12:47,745 - INFO - Discount Distribution Histogram saved successfully.
2025-01-29 23:12:47,745 - INFO - Generating Sales by Sub-Category graph...
2025-01-29 23:12:48,462 - INFO - Sales by Sub-Category graph saved successfully.
2025-01-29 23:12:48,462 - INFO - Generating Monthly Sales Trend Line Chart...
2025-01-29 23:12:49,452 - INFO - Monthly Sales Trend Line Chart saved successfully.
2025-01-29 23:12:49,452 - INFO - Generating Top 10 Cities by Sales graph...
2025-01-29 23:12:50,089 - INFO - Top 10 Cities by Sales graph saved successfully.
2025-01-29 23:12:50,089 - INFO - Generating Quantity Ordered Distribution Histogram...
2025-01-29 23:12:50,612 - INFO - Quantity Ordered Distribution Histogram saved successfully.
2025-01-29 23:12:50,612 - INFO - All graphs generated successfully.
